<?xml version="1.0" encoding="UTF-8"?>
<!-- Generated by org.testng.reporters.JUnitReportReporter -->
<testsuite hostname="MURALI-LAPTOP" failures="0" tests="1" name="OrangeHRMS_T1" time="3.349" errors="0" timestamp="2025-07-08T13:21:39 IST" skipped="0">
  <testcase classname="OrangeHRMS_T1" name="Lunchurl" time="3.349"/>
</testsuite> <!-- OrangeHRMS_T1 -->
