<?xml version="1.0" encoding="UTF-8"?>
<!-- Generated by org.testng.reporters.JUnitReportReporter -->
<testsuite hostname="MURALI-LAPTOP" failures="0" tests="1" name="OrangeHRMS_T1" time="7.167" errors="0" timestamp="2025-07-08T18:25:45 IST" skipped="0">
  <testcase classname="OrangeHRMS_T1" name="Lunchurl" time="7.167"/>
</testsuite> <!-- OrangeHRMS_T1 -->
